0 info it worked if it ends with ok
1 verbose cli [ '/usr/local/Cellar/node/5.2.0/bin/node',
1 verbose cli   '/usr/local/bin/npm',
1 verbose cli   'start' ]
2 info using npm@3.3.12
3 info using node@v5.2.0
4 verbose run-script [ 'prestart', 'start', 'poststart' ]
5 info lifecycle myapp@0.0.0~prestart: myapp@0.0.0
6 silly lifecycle myapp@0.0.0~prestart: no script for prestart, continuing
7 info lifecycle myapp@0.0.0~start: myapp@0.0.0
8 verbose lifecycle myapp@0.0.0~start: unsafe-perm in lifecycle true
9 verbose lifecycle myapp@0.0.0~start: PATH: /usr/local/lib/node_modules/npm/bin/node-gyp-bin:/Users/Mitchell/Desktop/mywebsite/node_modules/.bin:/usr/local/bin:/usr/bin:/bin:/usr/sbin:/sbin
10 verbose lifecycle myapp@0.0.0~start: CWD: /Users/Mitchell/Desktop/mywebsite
11 silly lifecycle myapp@0.0.0~start: Args: [ '-c', 'forever ./bin/www' ]
12 info lifecycle myapp@0.0.0~start: Failed to exec start script
13 verbose stack Error: myapp@0.0.0 start: `forever ./bin/www`
13 verbose stack spawn ENOENT
13 verbose stack     at ChildProcess.<anonymous> (/usr/local/lib/node_modules/npm/lib/utils/spawn.js:17:16)
13 verbose stack     at emitTwo (events.js:88:13)
13 verbose stack     at ChildProcess.emit (events.js:173:7)
13 verbose stack     at maybeClose (internal/child_process.js:819:16)
13 verbose stack     at Process.ChildProcess._handle.onexit (internal/child_process.js:212:5)
14 verbose pkgid myapp@0.0.0
15 verbose cwd /Users/Mitchell/Desktop/mywebsite
16 error Darwin 14.5.0
17 error argv "/usr/local/Cellar/node/5.2.0/bin/node" "/usr/local/bin/npm" "start"
18 error node v5.2.0
19 error npm  v3.3.12
20 error file sh
21 error code ELIFECYCLE
22 error errno ENOENT
23 error syscall spawn
24 error myapp@0.0.0 start: `forever ./bin/www`
24 error spawn ENOENT
25 error Failed at the myapp@0.0.0 start script 'forever ./bin/www'.
25 error Make sure you have the latest version of node.js and npm installed.
25 error If you do, this is most likely a problem with the myapp package,
25 error not with npm itself.
25 error Tell the author that this fails on your system:
25 error     forever ./bin/www
25 error You can get their info via:
25 error     npm owner ls myapp
25 error There is likely additional logging output above.
26 verbose exit [ 1, true ]
